donePHP Warning:  include_once(./dbaccess.php): Failed to open stream: No such file or directory in /var/www/html/creditpluswebapp/views/payments/sms.php on line 5

Warning: include_once(./dbaccess.php): Failed to open stream: No such file or directory in /var/www/html/creditpluswebapp/views/payments/sms.php on line 5
PHP Warning:  include_once(): Failed opening './dbaccess.php' for inclusion (include_path='.:/usr/share/php') in /var/www/html/creditpluswebapp/views/payments/sms.php on line 5

Warning: include_once(): Failed opening './dbaccess.php' for inclusion (include_path='.:/usr/share/php') in /var/www/html/creditpluswebapp/views/payments/sms.php on line 5
PHP Warning:  Undefined array key "REMOTE_ADDR" in /var/www/html/creditpluswebapp/views/payments/dbaccess.php on line 19

Warning: Undefined array key "REMOTE_ADDR" in /var/www/html/creditpluswebapp/views/payments/dbaccess.php on line 19
donePHP Warning:  include_once(./dbaccess.php): Failed to open stream: No such file or directory in /var/www/html/creditpluswebapp/views/payments/sms.php on line 5

Warning: include_once(./dbaccess.php): Failed to open stream: No such file or directory in /var/www/html/creditpluswebapp/views/payments/sms.php on line 5
PHP Warning:  include_once(): Failed opening './dbaccess.php' for inclusion (include_path='.:/usr/share/php') in /var/www/html/creditpluswebapp/views/payments/sms.php on line 5

Warning: include_once(): Failed opening './dbaccess.php' for inclusion (include_path='.:/usr/share/php') in /var/www/html/creditpluswebapp/views/payments/sms.php on line 5
donePHP Warning:  include_once(./dbaccess.php): Failed to open stream: No such file or directory in /var/www/html/creditpluswebapp/views/payments/sms.php on line 5

Warning: include_once(./dbaccess.php): Failed to open stream: No such file or directory in /var/www/html/creditpluswebapp/views/payments/sms.php on line 5
PHP Warning:  include_once(): Failed opening './dbaccess.php' for inclusion (include_path='.:/usr/share/php') in /var/www/html/creditpluswebapp/views/payments/sms.php on line 5

Warning: include_once(): Failed opening './dbaccess.php' for inclusion (include_path='.:/usr/share/php') in /var/www/html/creditpluswebapp/views/payments/sms.php on line 5
donePHP Warning:  include_once(./dbaccess.php): Failed to open stream: No such file or directory in /var/www/html/creditpluswebapp/views/payments/sms.php on line 5

Warning: include_once(./dbaccess.php): Failed to open stream: No such file or directory in /var/www/html/creditpluswebapp/views/payments/sms.php on line 5
PHP Warning:  include_once(): Failed opening './dbaccess.php' for inclusion (include_path='.:/usr/share/php') in /var/www/html/creditpluswebapp/views/payments/sms.php on line 5

Warning: include_once(): Failed opening './dbaccess.php' for inclusion (include_path='.:/usr/share/php') in /var/www/html/creditpluswebapp/views/payments/sms.php on line 5
donePHP Warning:  include_once(./dbaccess.php): Failed to open stream: No such file or directory in /var/www/html/creditpluswebapp/views/payments/sms.php on line 5

Warning: include_once(./dbaccess.php): Failed to open stream: No such file or directory in /var/www/html/creditpluswebapp/views/payments/sms.php on line 5
PHP Warning:  include_once(): Failed opening './dbaccess.php' for inclusion (include_path='.:/usr/share/php') in /var/www/html/creditpluswebapp/views/payments/sms.php on line 5

Warning: include_once(): Failed opening './dbaccess.php' for inclusion (include_path='.:/usr/share/php') in /var/www/html/creditpluswebapp/views/payments/sms.php on line 5
donePHP Warning:  include_once(./dbaccess.php): Failed to open stream: No such file or directory in /var/www/html/creditpluswebapp/views/payments/sms.php on line 5

Warning: include_once(./dbaccess.php): Failed to open stream: No such file or directory in /var/www/html/creditpluswebapp/views/payments/sms.php on line 5
PHP Warning:  include_once(): Failed opening './dbaccess.php' for inclusion (include_path='.:/usr/share/php') in /var/www/html/creditpluswebapp/views/payments/sms.php on line 5

Warning: include_once(): Failed opening './dbaccess.php' for inclusion (include_path='.:/usr/share/php') in /var/www/html/creditpluswebapp/views/payments/sms.php on line 5
donePHP Warning:  include_once(./dbaccess.php): Failed to open stream: No such file or directory in /var/www/html/creditpluswebapp/views/payments/sms.php on line 5

Warning: include_once(./dbaccess.php): Failed to open stream: No such file or directory in /var/www/html/creditpluswebapp/views/payments/sms.php on line 5
PHP Warning:  include_once(): Failed opening './dbaccess.php' for inclusion (include_path='.:/usr/share/php') in /var/www/html/creditpluswebapp/views/payments/sms.php on line 5

Warning: include_once(): Failed opening './dbaccess.php' for inclusion (include_path='.:/usr/share/php') in /var/www/html/creditpluswebapp/views/payments/sms.php on line 5
donePHP Warning:  include_once(./dbaccess.php): Failed to open stream: No such file or directory in /var/www/html/creditpluswebapp/views/payments/sms.php on line 5

Warning: include_once(./dbaccess.php): Failed to open stream: No such file or directory in /var/www/html/creditpluswebapp/views/payments/sms.php on line 5
PHP Warning:  include_once(): Failed opening './dbaccess.php' for inclusion (include_path='.:/usr/share/php') in /var/www/html/creditpluswebapp/views/payments/sms.php on line 5

Warning: include_once(): Failed opening './dbaccess.php' for inclusion (include_path='.:/usr/share/php') in /var/www/html/creditpluswebapp/views/payments/sms.php on line 5
donePHP Warning:  include_once(./dbaccess.php): Failed to open stream: No such file or directory in /var/www/html/creditpluswebapp/views/payments/sms.php on line 5

Warning: include_once(./dbaccess.php): Failed to open stream: No such file or directory in /var/www/html/creditpluswebapp/views/payments/sms.php on line 5
PHP Warning:  include_once(): Failed opening './dbaccess.php' for inclusion (include_path='.:/usr/share/php') in /var/www/html/creditpluswebapp/views/payments/sms.php on line 5

Warning: include_once(): Failed opening './dbaccess.php' for inclusion (include_path='.:/usr/share/php') in /var/www/html/creditpluswebapp/views/payments/sms.php on line 5
donePHP Warning:  include_once(./dbaccess.php): Failed to open stream: No such file or directory in /var/www/html/creditpluswebapp/views/payments/sms.php on line 5

Warning: include_once(./dbaccess.php): Failed to open stream: No such file or directory in /var/www/html/creditpluswebapp/views/payments/sms.php on line 5
PHP Warning:  include_once(): Failed opening './dbaccess.php' for inclusion (include_path='.:/usr/share/php') in /var/www/html/creditpluswebapp/views/payments/sms.php on line 5

Warning: include_once(): Failed opening './dbaccess.php' for inclusion (include_path='.:/usr/share/php') in /var/www/html/creditpluswebapp/views/payments/sms.php on line 5
donePHP Warning:  include_once(./dbaccess.php): Failed to open stream: No such file or directory in /var/www/html/creditpluswebapp/views/payments/sms.php on line 5

Warning: include_once(./dbaccess.php): Failed to open stream: No such file or directory in /var/www/html/creditpluswebapp/views/payments/sms.php on line 5
PHP Warning:  include_once(): Failed opening './dbaccess.php' for inclusion (include_path='.:/usr/share/php') in /var/www/html/creditpluswebapp/views/payments/sms.php on line 5

Warning: include_once(): Failed opening './dbaccess.php' for inclusion (include_path='.:/usr/share/php') in /var/www/html/creditpluswebapp/views/payments/sms.php on line 5
donePHP Warning:  include_once(./dbaccess.php): Failed to open stream: No such file or directory in /var/www/html/creditpluswebapp/views/payments/sms.php on line 5

Warning: include_once(./dbaccess.php): Failed to open stream: No such file or directory in /var/www/html/creditpluswebapp/views/payments/sms.php on line 5
PHP Warning:  include_once(): Failed opening './dbaccess.php' for inclusion (include_path='.:/usr/share/php') in /var/www/html/creditpluswebapp/views/payments/sms.php on line 5

Warning: include_once(): Failed opening './dbaccess.php' for inclusion (include_path='.:/usr/share/php') in /var/www/html/creditpluswebapp/views/payments/sms.php on line 5
donePHP Warning:  include_once(./dbaccess.php): Failed to open stream: No such file or directory in /var/www/html/creditpluswebapp/views/payments/sms.php on line 5

Warning: include_once(./dbaccess.php): Failed to open stream: No such file or directory in /var/www/html/creditpluswebapp/views/payments/sms.php on line 5
PHP Warning:  include_once(): Failed opening './dbaccess.php' for inclusion (include_path='.:/usr/share/php') in /var/www/html/creditpluswebapp/views/payments/sms.php on line 5

Warning: include_once(): Failed opening './dbaccess.php' for inclusion (include_path='.:/usr/share/php') in /var/www/html/creditpluswebapp/views/payments/sms.php on line 5
donePHP Warning:  include_once(./dbaccess.php): Failed to open stream: No such file or directory in /var/www/html/creditpluswebapp/views/payments/sms.php on line 5

Warning: include_once(./dbaccess.php): Failed to open stream: No such file or directory in /var/www/html/creditpluswebapp/views/payments/sms.php on line 5
PHP Warning:  include_once(): Failed opening './dbaccess.php' for inclusion (include_path='.:/usr/share/php') in /var/www/html/creditpluswebapp/views/payments/sms.php on line 5

Warning: include_once(): Failed opening './dbaccess.php' for inclusion (include_path='.:/usr/share/php') in /var/www/html/creditpluswebapp/views/payments/sms.php on line 5
donePHP Warning:  include_once(./dbaccess.php): Failed to open stream: No such file or directory in /var/www/html/creditpluswebapp/views/payments/sms.php on line 5

Warning: include_once(./dbaccess.php): Failed to open stream: No such file or directory in /var/www/html/creditpluswebapp/views/payments/sms.php on line 5
PHP Warning:  include_once(): Failed opening './dbaccess.php' for inclusion (include_path='.:/usr/share/php') in /var/www/html/creditpluswebapp/views/payments/sms.php on line 5

Warning: include_once(): Failed opening './dbaccess.php' for inclusion (include_path='.:/usr/share/php') in /var/www/html/creditpluswebapp/views/payments/sms.php on line 5
donePHP Warning:  include_once(./dbaccess.php): Failed to open stream: No such file or directory in /var/www/html/creditpluswebapp/views/payments/sms.php on line 5

Warning: include_once(./dbaccess.php): Failed to open stream: No such file or directory in /var/www/html/creditpluswebapp/views/payments/sms.php on line 5
PHP Warning:  include_once(): Failed opening './dbaccess.php' for inclusion (include_path='.:/usr/share/php') in /var/www/html/creditpluswebapp/views/payments/sms.php on line 5

Warning: include_once(): Failed opening './dbaccess.php' for inclusion (include_path='.:/usr/share/php') in /var/www/html/creditpluswebapp/views/payments/sms.php on line 5
donePHP Warning:  include_once(./dbaccess.php): Failed to open stream: No such file or directory in /var/www/html/creditpluswebapp/views/payments/sms.php on line 5

Warning: include_once(./dbaccess.php): Failed to open stream: No such file or directory in /var/www/html/creditpluswebapp/views/payments/sms.php on line 5
PHP Warning:  include_once(): Failed opening './dbaccess.php' for inclusion (include_path='.:/usr/share/php') in /var/www/html/creditpluswebapp/views/payments/sms.php on line 5

Warning: include_once(): Failed opening './dbaccess.php' for inclusion (include_path='.:/usr/share/php') in /var/www/html/creditpluswebapp/views/payments/sms.php on line 5
donePHP Warning:  include_once(./dbaccess.php): Failed to open stream: No such file or directory in /var/www/html/creditpluswebapp/views/payments/sms.php on line 5

Warning: include_once(./dbaccess.php): Failed to open stream: No such file or directory in /var/www/html/creditpluswebapp/views/payments/sms.php on line 5
PHP Warning:  include_once(): Failed opening './dbaccess.php' for inclusion (include_path='.:/usr/share/php') in /var/www/html/creditpluswebapp/views/payments/sms.php on line 5

Warning: include_once(): Failed opening './dbaccess.php' for inclusion (include_path='.:/usr/share/php') in /var/www/html/creditpluswebapp/views/payments/sms.php on line 5
donePHP Warning:  include_once(./dbaccess.php): Failed to open stream: No such file or directory in /var/www/html/creditpluswebapp/views/payments/sms.php on line 5

Warning: include_once(./dbaccess.php): Failed to open stream: No such file or directory in /var/www/html/creditpluswebapp/views/payments/sms.php on line 5
PHP Warning:  include_once(): Failed opening './dbaccess.php' for inclusion (include_path='.:/usr/share/php') in /var/www/html/creditpluswebapp/views/payments/sms.php on line 5

Warning: include_once(): Failed opening './dbaccess.php' for inclusion (include_path='.:/usr/share/php') in /var/www/html/creditpluswebapp/views/payments/sms.php on line 5
donePHP Warning:  include_once(./dbaccess.php): Failed to open stream: No such file or directory in /var/www/html/creditpluswebapp/views/payments/sms.php on line 5

Warning: include_once(./dbaccess.php): Failed to open stream: No such file or directory in /var/www/html/creditpluswebapp/views/payments/sms.php on line 5
PHP Warning:  include_once(): Failed opening './dbaccess.php' for inclusion (include_path='.:/usr/share/php') in /var/www/html/creditpluswebapp/views/payments/sms.php on line 5

Warning: include_once(): Failed opening './dbaccess.php' for inclusion (include_path='.:/usr/share/php') in /var/www/html/creditpluswebapp/views/payments/sms.php on line 5
donePHP Warning:  include_once(./dbaccess.php): Failed to open stream: No such file or directory in /var/www/html/creditpluswebapp/views/payments/sms.php on line 5

Warning: include_once(./dbaccess.php): Failed to open stream: No such file or directory in /var/www/html/creditpluswebapp/views/payments/sms.php on line 5
PHP Warning:  include_once(): Failed opening './dbaccess.php' for inclusion (include_path='.:/usr/share/php') in /var/www/html/creditpluswebapp/views/payments/sms.php on line 5

Warning: include_once(): Failed opening './dbaccess.php' for inclusion (include_path='.:/usr/share/php') in /var/www/html/creditpluswebapp/views/payments/sms.php on line 5
donePHP Warning:  include_once(./dbaccess.php): Failed to open stream: No such file or directory in /var/www/html/creditpluswebapp/views/payments/sms.php on line 5

Warning: include_once(./dbaccess.php): Failed to open stream: No such file or directory in /var/www/html/creditpluswebapp/views/payments/sms.php on line 5
PHP Warning:  include_once(): Failed opening './dbaccess.php' for inclusion (include_path='.:/usr/share/php') in /var/www/html/creditpluswebapp/views/payments/sms.php on line 5

Warning: include_once(): Failed opening './dbaccess.php' for inclusion (include_path='.:/usr/share/php') in /var/www/html/creditpluswebapp/views/payments/sms.php on line 5
donePHP Warning:  include_once(./dbaccess.php): Failed to open stream: No such file or directory in /var/www/html/creditpluswebapp/views/payments/sms.php on line 5

Warning: include_once(./dbaccess.php): Failed to open stream: No such file or directory in /var/www/html/creditpluswebapp/views/payments/sms.php on line 5
PHP Warning:  include_once(): Failed opening './dbaccess.php' for inclusion (include_path='.:/usr/share/php') in /var/www/html/creditpluswebapp/views/payments/sms.php on line 5

Warning: include_once(): Failed opening './dbaccess.php' for inclusion (include_path='.:/usr/share/php') in /var/www/html/creditpluswebapp/views/payments/sms.php on line 5
donePHP Warning:  include_once(./dbaccess.php): Failed to open stream: No such file or directory in /var/www/html/creditpluswebapp/views/payments/sms.php on line 5

Warning: include_once(./dbaccess.php): Failed to open stream: No such file or directory in /var/www/html/creditpluswebapp/views/payments/sms.php on line 5
PHP Warning:  include_once(): Failed opening './dbaccess.php' for inclusion (include_path='.:/usr/share/php') in /var/www/html/creditpluswebapp/views/payments/sms.php on line 5

Warning: include_once(): Failed opening './dbaccess.php' for inclusion (include_path='.:/usr/share/php') in /var/www/html/creditpluswebapp/views/payments/sms.php on line 5
donePHP Warning:  include_once(./dbaccess.php): Failed to open stream: No such file or directory in /var/www/html/creditpluswebapp/views/payments/sms.php on line 5

Warning: include_once(./dbaccess.php): Failed to open stream: No such file or directory in /var/www/html/creditpluswebapp/views/payments/sms.php on line 5
PHP Warning:  include_once(): Failed opening './dbaccess.php' for inclusion (include_path='.:/usr/share/php') in /var/www/html/creditpluswebapp/views/payments/sms.php on line 5

Warning: include_once(): Failed opening './dbaccess.php' for inclusion (include_path='.:/usr/share/php') in /var/www/html/creditpluswebapp/views/payments/sms.php on line 5
donePHP Warning:  include_once(./dbaccess.php): Failed to open stream: No such file or directory in /var/www/html/creditpluswebapp/views/payments/sms.php on line 5

Warning: include_once(./dbaccess.php): Failed to open stream: No such file or directory in /var/www/html/creditpluswebapp/views/payments/sms.php on line 5
PHP Warning:  include_once(): Failed opening './dbaccess.php' for inclusion (include_path='.:/usr/share/php') in /var/www/html/creditpluswebapp/views/payments/sms.php on line 5

Warning: include_once(): Failed opening './dbaccess.php' for inclusion (include_path='.:/usr/share/php') in /var/www/html/creditpluswebapp/views/payments/sms.php on line 5
donePHP Warning:  include_once(./dbaccess.php): Failed to open stream: No such file or directory in /var/www/html/creditpluswebapp/views/payments/sms.php on line 5

Warning: include_once(./dbaccess.php): Failed to open stream: No such file or directory in /var/www/html/creditpluswebapp/views/payments/sms.php on line 5
PHP Warning:  include_once(): Failed opening './dbaccess.php' for inclusion (include_path='.:/usr/share/php') in /var/www/html/creditpluswebapp/views/payments/sms.php on line 5

Warning: include_once(): Failed opening './dbaccess.php' for inclusion (include_path='.:/usr/share/php') in /var/www/html/creditpluswebapp/views/payments/sms.php on line 5
donePHP Warning:  include_once(./dbaccess.php): Failed to open stream: No such file or directory in /var/www/html/creditpluswebapp/views/payments/sms.php on line 5

Warning: include_once(./dbaccess.php): Failed to open stream: No such file or directory in /var/www/html/creditpluswebapp/views/payments/sms.php on line 5
PHP Warning:  include_once(): Failed opening './dbaccess.php' for inclusion (include_path='.:/usr/share/php') in /var/www/html/creditpluswebapp/views/payments/sms.php on line 5

Warning: include_once(): Failed opening './dbaccess.php' for inclusion (include_path='.:/usr/share/php') in /var/www/html/creditpluswebapp/views/payments/sms.php on line 5
donePHP Warning:  include_once(./dbaccess.php): Failed to open stream: No such file or directory in /var/www/html/creditpluswebapp/views/payments/sms.php on line 5

Warning: include_once(./dbaccess.php): Failed to open stream: No such file or directory in /var/www/html/creditpluswebapp/views/payments/sms.php on line 5
PHP Warning:  include_once(): Failed opening './dbaccess.php' for inclusion (include_path='.:/usr/share/php') in /var/www/html/creditpluswebapp/views/payments/sms.php on line 5

Warning: include_once(): Failed opening './dbaccess.php' for inclusion (include_path='.:/usr/share/php') in /var/www/html/creditpluswebapp/views/payments/sms.php on line 5
donePHP Warning:  include_once(./dbaccess.php): Failed to open stream: No such file or directory in /var/www/html/creditpluswebapp/views/payments/sms.php on line 5

Warning: include_once(./dbaccess.php): Failed to open stream: No such file or directory in /var/www/html/creditpluswebapp/views/payments/sms.php on line 5
PHP Warning:  include_once(): Failed opening './dbaccess.php' for inclusion (include_path='.:/usr/share/php') in /var/www/html/creditpluswebapp/views/payments/sms.php on line 5

Warning: include_once(): Failed opening './dbaccess.php' for inclusion (include_path='.:/usr/share/php') in /var/www/html/creditpluswebapp/views/payments/sms.php on line 5
donePHP Warning:  include_once(./dbaccess.php): Failed to open stream: No such file or directory in /var/www/html/creditpluswebapp/views/payments/sms.php on line 5

Warning: include_once(./dbaccess.php): Failed to open stream: No such file or directory in /var/www/html/creditpluswebapp/views/payments/sms.php on line 5
PHP Warning:  include_once(): Failed opening './dbaccess.php' for inclusion (include_path='.:/usr/share/php') in /var/www/html/creditpluswebapp/views/payments/sms.php on line 5

Warning: include_once(): Failed opening './dbaccess.php' for inclusion (include_path='.:/usr/share/php') in /var/www/html/creditpluswebapp/views/payments/sms.php on line 5
donePHP Warning:  include_once(./dbaccess.php): Failed to open stream: No such file or directory in /var/www/html/creditpluswebapp/views/payments/sms.php on line 5

Warning: include_once(./dbaccess.php): Failed to open stream: No such file or directory in /var/www/html/creditpluswebapp/views/payments/sms.php on line 5
PHP Warning:  include_once(): Failed opening './dbaccess.php' for inclusion (include_path='.:/usr/share/php') in /var/www/html/creditpluswebapp/views/payments/sms.php on line 5

Warning: include_once(): Failed opening './dbaccess.php' for inclusion (include_path='.:/usr/share/php') in /var/www/html/creditpluswebapp/views/payments/sms.php on line 5
donePHP Warning:  include_once(./dbaccess.php): Failed to open stream: No such file or directory in /var/www/html/creditpluswebapp/views/payments/sms.php on line 5

Warning: include_once(./dbaccess.php): Failed to open stream: No such file or directory in /var/www/html/creditpluswebapp/views/payments/sms.php on line 5
PHP Warning:  include_once(): Failed opening './dbaccess.php' for inclusion (include_path='.:/usr/share/php') in /var/www/html/creditpluswebapp/views/payments/sms.php on line 5

Warning: include_once(): Failed opening './dbaccess.php' for inclusion (include_path='.:/usr/share/php') in /var/www/html/creditpluswebapp/views/payments/sms.php on line 5
donePHP Warning:  include_once(./dbaccess.php): Failed to open stream: No such file or directory in /var/www/html/creditpluswebapp/views/payments/sms.php on line 5

Warning: include_once(./dbaccess.php): Failed to open stream: No such file or directory in /var/www/html/creditpluswebapp/views/payments/sms.php on line 5
PHP Warning:  include_once(): Failed opening './dbaccess.php' for inclusion (include_path='.:/usr/share/php') in /var/www/html/creditpluswebapp/views/payments/sms.php on line 5

Warning: include_once(): Failed opening './dbaccess.php' for inclusion (include_path='.:/usr/share/php') in /var/www/html/creditpluswebapp/views/payments/sms.php on line 5
donePHP Warning:  include_once(./dbaccess.php): Failed to open stream: No such file or directory in /var/www/html/creditpluswebapp/views/payments/sms.php on line 5

Warning: include_once(./dbaccess.php): Failed to open stream: No such file or directory in /var/www/html/creditpluswebapp/views/payments/sms.php on line 5
PHP Warning:  include_once(): Failed opening './dbaccess.php' for inclusion (include_path='.:/usr/share/php') in /var/www/html/creditpluswebapp/views/payments/sms.php on line 5

Warning: include_once(): Failed opening './dbaccess.php' for inclusion (include_path='.:/usr/share/php') in /var/www/html/creditpluswebapp/views/payments/sms.php on line 5
donePHP Warning:  include_once(./dbaccess.php): Failed to open stream: No such file or directory in /var/www/html/creditpluswebapp/views/payments/sms.php on line 5

Warning: include_once(./dbaccess.php): Failed to open stream: No such file or directory in /var/www/html/creditpluswebapp/views/payments/sms.php on line 5
PHP Warning:  include_once(): Failed opening './dbaccess.php' for inclusion (include_path='.:/usr/share/php') in /var/www/html/creditpluswebapp/views/payments/sms.php on line 5

Warning: include_once(): Failed opening './dbaccess.php' for inclusion (include_path='.:/usr/share/php') in /var/www/html/creditpluswebapp/views/payments/sms.php on line 5
donePHP Warning:  include_once(./dbaccess.php): Failed to open stream: No such file or directory in /var/www/html/creditpluswebapp/views/payments/sms.php on line 5

Warning: include_once(./dbaccess.php): Failed to open stream: No such file or directory in /var/www/html/creditpluswebapp/views/payments/sms.php on line 5
PHP Warning:  include_once(): Failed opening './dbaccess.php' for inclusion (include_path='.:/usr/share/php') in /var/www/html/creditpluswebapp/views/payments/sms.php on line 5

Warning: include_once(): Failed opening './dbaccess.php' for inclusion (include_path='.:/usr/share/php') in /var/www/html/creditpluswebapp/views/payments/sms.php on line 5
donePHP Warning:  include_once(./dbaccess.php): Failed to open stream: No such file or directory in /var/www/html/creditpluswebapp/views/payments/sms.php on line 5

Warning: include_once(./dbaccess.php): Failed to open stream: No such file or directory in /var/www/html/creditpluswebapp/views/payments/sms.php on line 5
PHP Warning:  include_once(): Failed opening './dbaccess.php' for inclusion (include_path='.:/usr/share/php') in /var/www/html/creditpluswebapp/views/payments/sms.php on line 5

Warning: include_once(): Failed opening './dbaccess.php' for inclusion (include_path='.:/usr/share/php') in /var/www/html/creditpluswebapp/views/payments/sms.php on line 5
donePHP Warning:  include_once(./dbaccess.php): Failed to open stream: No such file or directory in /var/www/html/creditpluswebapp/views/payments/sms.php on line 5

Warning: include_once(./dbaccess.php): Failed to open stream: No such file or directory in /var/www/html/creditpluswebapp/views/payments/sms.php on line 5
PHP Warning:  include_once(): Failed opening './dbaccess.php' for inclusion (include_path='.:/usr/share/php') in /var/www/html/creditpluswebapp/views/payments/sms.php on line 5

Warning: include_once(): Failed opening './dbaccess.php' for inclusion (include_path='.:/usr/share/php') in /var/www/html/creditpluswebapp/views/payments/sms.php on line 5
donePHP Warning:  include_once(./dbaccess.php): Failed to open stream: No such file or directory in /var/www/html/creditpluswebapp/views/payments/sms.php on line 5

Warning: include_once(./dbaccess.php): Failed to open stream: No such file or directory in /var/www/html/creditpluswebapp/views/payments/sms.php on line 5
PHP Warning:  include_once(): Failed opening './dbaccess.php' for inclusion (include_path='.:/usr/share/php') in /var/www/html/creditpluswebapp/views/payments/sms.php on line 5

Warning: include_once(): Failed opening './dbaccess.php' for inclusion (include_path='.:/usr/share/php') in /var/www/html/creditpluswebapp/views/payments/sms.php on line 5
donePHP Warning:  include_once(./dbaccess.php): Failed to open stream: No such file or directory in /var/www/html/creditpluswebapp/views/payments/sms.php on line 5

Warning: include_once(./dbaccess.php): Failed to open stream: No such file or directory in /var/www/html/creditpluswebapp/views/payments/sms.php on line 5
PHP Warning:  include_once(): Failed opening './dbaccess.php' for inclusion (include_path='.:/usr/share/php') in /var/www/html/creditpluswebapp/views/payments/sms.php on line 5

Warning: include_once(): Failed opening './dbaccess.php' for inclusion (include_path='.:/usr/share/php') in /var/www/html/creditpluswebapp/views/payments/sms.php on line 5
donePHP Warning:  include_once(./dbaccess.php): Failed to open stream: No such file or directory in /var/www/html/creditpluswebapp/views/payments/sms.php on line 5

Warning: include_once(./dbaccess.php): Failed to open stream: No such file or directory in /var/www/html/creditpluswebapp/views/payments/sms.php on line 5
PHP Warning:  include_once(): Failed opening './dbaccess.php' for inclusion (include_path='.:/usr/share/php') in /var/www/html/creditpluswebapp/views/payments/sms.php on line 5

Warning: include_once(): Failed opening './dbaccess.php' for inclusion (include_path='.:/usr/share/php') in /var/www/html/creditpluswebapp/views/payments/sms.php on line 5
donePHP Warning:  include_once(./dbaccess.php): Failed to open stream: No such file or directory in /var/www/html/creditpluswebapp/views/payments/sms.php on line 5

Warning: include_once(./dbaccess.php): Failed to open stream: No such file or directory in /var/www/html/creditpluswebapp/views/payments/sms.php on line 5
PHP Warning:  include_once(): Failed opening './dbaccess.php' for inclusion (include_path='.:/usr/share/php') in /var/www/html/creditpluswebapp/views/payments/sms.php on line 5

Warning: include_once(): Failed opening './dbaccess.php' for inclusion (include_path='.:/usr/share/php') in /var/www/html/creditpluswebapp/views/payments/sms.php on line 5
donePHP Warning:  include_once(./dbaccess.php): Failed to open stream: No such file or directory in /var/www/html/creditpluswebapp/views/payments/sms.php on line 5

Warning: include_once(./dbaccess.php): Failed to open stream: No such file or directory in /var/www/html/creditpluswebapp/views/payments/sms.php on line 5
PHP Warning:  include_once(): Failed opening './dbaccess.php' for inclusion (include_path='.:/usr/share/php') in /var/www/html/creditpluswebapp/views/payments/sms.php on line 5

Warning: include_once(): Failed opening './dbaccess.php' for inclusion (include_path='.:/usr/share/php') in /var/www/html/creditpluswebapp/views/payments/sms.php on line 5
donePHP Warning:  include_once(./dbaccess.php): Failed to open stream: No such file or directory in /var/www/html/creditpluswebapp/views/payments/sms.php on line 5

Warning: include_once(./dbaccess.php): Failed to open stream: No such file or directory in /var/www/html/creditpluswebapp/views/payments/sms.php on line 5
PHP Warning:  include_once(): Failed opening './dbaccess.php' for inclusion (include_path='.:/usr/share/php') in /var/www/html/creditpluswebapp/views/payments/sms.php on line 5

Warning: include_once(): Failed opening './dbaccess.php' for inclusion (include_path='.:/usr/share/php') in /var/www/html/creditpluswebapp/views/payments/sms.php on line 5
donePHP Warning:  include_once(./dbaccess.php): Failed to open stream: No such file or directory in /var/www/html/creditpluswebapp/views/payments/sms.php on line 5

Warning: include_once(./dbaccess.php): Failed to open stream: No such file or directory in /var/www/html/creditpluswebapp/views/payments/sms.php on line 5
PHP Warning:  include_once(): Failed opening './dbaccess.php' for inclusion (include_path='.:/usr/share/php') in /var/www/html/creditpluswebapp/views/payments/sms.php on line 5

Warning: include_once(): Failed opening './dbaccess.php' for inclusion (include_path='.:/usr/share/php') in /var/www/html/creditpluswebapp/views/payments/sms.php on line 5
donePHP Warning:  include_once(./dbaccess.php): Failed to open stream: No such file or directory in /var/www/html/creditpluswebapp/views/payments/sms.php on line 5

Warning: include_once(./dbaccess.php): Failed to open stream: No such file or directory in /var/www/html/creditpluswebapp/views/payments/sms.php on line 5
PHP Warning:  include_once(): Failed opening './dbaccess.php' for inclusion (include_path='.:/usr/share/php') in /var/www/html/creditpluswebapp/views/payments/sms.php on line 5

Warning: include_once(): Failed opening './dbaccess.php' for inclusion (include_path='.:/usr/share/php') in /var/www/html/creditpluswebapp/views/payments/sms.php on line 5
donePHP Parse error:  syntax error, unexpected end of file, expecting "(" in /var/www/html/creditpluswebapp/views/payments/update.php on line 77
PHP Warning:  include_once(./dbaccess.php): Failed to open stream: No such file or directory in /var/www/html/creditpluswebapp/views/payments/sms.php on line 5

Warning: include_once(./dbaccess.php): Failed to open stream: No such file or directory in /var/www/html/creditpluswebapp/views/payments/sms.php on line 5
PHP Warning:  include_once(): Failed opening './dbaccess.php' for inclusion (include_path='.:/usr/share/php') in /var/www/html/creditpluswebapp/views/payments/sms.php on line 5

Warning: include_once(): Failed opening './dbaccess.php' for inclusion (include_path='.:/usr/share/php') in /var/www/html/creditpluswebapp/views/payments/sms.php on line 5
donePHP Warning:  include_once(./dbaccess.php): Failed to open stream: No such file or directory in /var/www/html/creditpluswebapp/views/payments/sms.php on line 5

Warning: include_once(./dbaccess.php): Failed to open stream: No such file or directory in /var/www/html/creditpluswebapp/views/payments/sms.php on line 5
PHP Warning:  include_once(): Failed opening './dbaccess.php' for inclusion (include_path='.:/usr/share/php') in /var/www/html/creditpluswebapp/views/payments/sms.php on line 5

Warning: include_once(): Failed opening './dbaccess.php' for inclusion (include_path='.:/usr/share/php') in /var/www/html/creditpluswebapp/views/payments/sms.php on line 5
donePHP Warning:  include_once(./dbaccess.php): Failed to open stream: No such file or directory in /var/www/html/creditpluswebapp/views/payments/sms.php on line 5

Warning: include_once(./dbaccess.php): Failed to open stream: No such file or directory in /var/www/html/creditpluswebapp/views/payments/sms.php on line 5
PHP Warning:  include_once(): Failed opening './dbaccess.php' for inclusion (include_path='.:/usr/share/php') in /var/www/html/creditpluswebapp/views/payments/sms.php on line 5

Warning: include_once(): Failed opening './dbaccess.php' for inclusion (include_path='.:/usr/share/php') in /var/www/html/creditpluswebapp/views/payments/sms.php on line 5
donePHP Warning:  include_once(./dbaccess.php): Failed to open stream: No such file or directory in /var/www/html/creditpluswebapp/views/payments/sms.php on line 5

Warning: include_once(./dbaccess.php): Failed to open stream: No such file or directory in /var/www/html/creditpluswebapp/views/payments/sms.php on line 5
PHP Warning:  include_once(): Failed opening './dbaccess.php' for inclusion (include_path='.:/usr/share/php') in /var/www/html/creditpluswebapp/views/payments/sms.php on line 5

Warning: include_once(): Failed opening './dbaccess.php' for inclusion (include_path='.:/usr/share/php') in /var/www/html/creditpluswebapp/views/payments/sms.php on line 5
donePHP Warning:  include_once(./dbaccess.php): Failed to open stream: No such file or directory in /var/www/html/creditpluswebapp/views/payments/sms.php on line 5

Warning: include_once(./dbaccess.php): Failed to open stream: No such file or directory in /var/www/html/creditpluswebapp/views/payments/sms.php on line 5
PHP Warning:  include_once(): Failed opening './dbaccess.php' for inclusion (include_path='.:/usr/share/php') in /var/www/html/creditpluswebapp/views/payments/sms.php on line 5

Warning: include_once(): Failed opening './dbaccess.php' for inclusion (include_path='.:/usr/share/php') in /var/www/html/creditpluswebapp/views/payments/sms.php on line 5
donePHP Warning:  include_once(./dbaccess.php): Failed to open stream: No such file or directory in /var/www/html/creditpluswebapp/views/payments/sms.php on line 5

Warning: include_once(./dbaccess.php): Failed to open stream: No such file or directory in /var/www/html/creditpluswebapp/views/payments/sms.php on line 5
PHP Warning:  include_once(): Failed opening './dbaccess.php' for inclusion (include_path='.:/usr/share/php') in /var/www/html/creditpluswebapp/views/payments/sms.php on line 5

Warning: include_once(): Failed opening './dbaccess.php' for inclusion (include_path='.:/usr/share/php') in /var/www/html/creditpluswebapp/views/payments/sms.php on line 5
donePHP Warning:  include_once(./dbaccess.php): Failed to open stream: No such file or directory in /var/www/html/creditpluswebapp/views/payments/sms.php on line 5

Warning: include_once(./dbaccess.php): Failed to open stream: No such file or directory in /var/www/html/creditpluswebapp/views/payments/sms.php on line 5
PHP Warning:  include_once(): Failed opening './dbaccess.php' for inclusion (include_path='.:/usr/share/php') in /var/www/html/creditpluswebapp/views/payments/sms.php on line 5

Warning: include_once(): Failed opening './dbaccess.php' for inclusion (include_path='.:/usr/share/php') in /var/www/html/creditpluswebapp/views/payments/sms.php on line 5
donePHP Warning:  include_once(./dbaccess.php): Failed to open stream: No such file or directory in /var/www/html/creditpluswebapp/views/payments/sms.php on line 5

Warning: include_once(./dbaccess.php): Failed to open stream: No such file or directory in /var/www/html/creditpluswebapp/views/payments/sms.php on line 5
PHP Warning:  include_once(): Failed opening './dbaccess.php' for inclusion (include_path='.:/usr/share/php') in /var/www/html/creditpluswebapp/views/payments/sms.php on line 5

Warning: include_once(): Failed opening './dbaccess.php' for inclusion (include_path='.:/usr/share/php') in /var/www/html/creditpluswebapp/views/payments/sms.php on line 5
donePHP Warning:  include_once(./dbaccess.php): Failed to open stream: No such file or directory in /var/www/html/creditpluswebapp/views/payments/sms.php on line 5

Warning: include_once(./dbaccess.php): Failed to open stream: No such file or directory in /var/www/html/creditpluswebapp/views/payments/sms.php on line 5
PHP Warning:  include_once(): Failed opening './dbaccess.php' for inclusion (include_path='.:/usr/share/php') in /var/www/html/creditpluswebapp/views/payments/sms.php on line 5

Warning: include_once(): Failed opening './dbaccess.php' for inclusion (include_path='.:/usr/share/php') in /var/www/html/creditpluswebapp/views/payments/sms.php on line 5
PHP Warning:  Undefined variable $payment in /var/www/html/creditpluswebapp/views/payments/update.php on line 11

Warning: Undefined variable $payment in /var/www/html/creditpluswebapp/views/payments/update.php on line 11
PHP Warning:  Trying to access array offset on value of type null in /var/www/html/creditpluswebapp/views/payments/update.php on line 11

Warning: Trying to access array offset on value of type null in /var/www/html/creditpluswebapp/views/payments/update.php on line 11
PHP Warning:  Trying to access array offset on value of type null in /var/www/html/creditpluswebapp/views/payments/update.php on line 11

Warning: Trying to access array offset on value of type null in /var/www/html/creditpluswebapp/views/payments/update.php on line 11
PHP Deprecated:  substr(): Passing null to parameter #1 ($string) of type string is deprecated in /var/www/html/creditpluswebapp/views/payments/update.php on line 79

Deprecated: substr(): Passing null to parameter #1 ($string) of type string is deprecated in /var/www/html/creditpluswebapp/views/payments/update.php on line 79
string(1) "0"
PHP Warning:  include_once(./dbaccess.php): Failed to open stream: No such file or directory in /var/www/html/creditpluswebapp/views/payments/sms.php on line 5

Warning: include_once(./dbaccess.php): Failed to open stream: No such file or directory in /var/www/html/creditpluswebapp/views/payments/sms.php on line 5
PHP Warning:  include_once(): Failed opening './dbaccess.php' for inclusion (include_path='.:/usr/share/php') in /var/www/html/creditpluswebapp/views/payments/sms.php on line 5

Warning: include_once(): Failed opening './dbaccess.php' for inclusion (include_path='.:/usr/share/php') in /var/www/html/creditpluswebapp/views/payments/sms.php on line 5
PHP Warning:  Undefined variable $payment in /var/www/html/creditpluswebapp/views/payments/update.php on line 11

Warning: Undefined variable $payment in /var/www/html/creditpluswebapp/views/payments/update.php on line 11
PHP Warning:  Trying to access array offset on value of type null in /var/www/html/creditpluswebapp/views/payments/update.php on line 11

Warning: Trying to access array offset on value of type null in /var/www/html/creditpluswebapp/views/payments/update.php on line 11
PHP Warning:  Trying to access array offset on value of type null in /var/www/html/creditpluswebapp/views/payments/update.php on line 11

Warning: Trying to access array offset on value of type null in /var/www/html/creditpluswebapp/views/payments/update.php on line 11
PHP Deprecated:  substr(): Passing null to parameter #1 ($string) of type string is deprecated in /var/www/html/creditpluswebapp/views/payments/update.php on line 79

Deprecated: substr(): Passing null to parameter #1 ($string) of type string is deprecated in /var/www/html/creditpluswebapp/views/payments/update.php on line 79
string(1) "0"
PHP Warning:  include_once(./dbaccess.php): Failed to open stream: No such file or directory in /var/www/html/creditpluswebapp/views/payments/sms.php on line 5

Warning: include_once(./dbaccess.php): Failed to open stream: No such file or directory in /var/www/html/creditpluswebapp/views/payments/sms.php on line 5
PHP Warning:  include_once(): Failed opening './dbaccess.php' for inclusion (include_path='.:/usr/share/php') in /var/www/html/creditpluswebapp/views/payments/sms.php on line 5

Warning: include_once(): Failed opening './dbaccess.php' for inclusion (include_path='.:/usr/share/php') in /var/www/html/creditpluswebapp/views/payments/sms.php on line 5
PHP Warning:  Undefined variable $payment in /var/www/html/creditpluswebapp/views/payments/update.php on line 11

Warning: Undefined variable $payment in /var/www/html/creditpluswebapp/views/payments/update.php on line 11
PHP Warning:  Trying to access array offset on value of type null in /var/www/html/creditpluswebapp/views/payments/update.php on line 11

Warning: Trying to access array offset on value of type null in /var/www/html/creditpluswebapp/views/payments/update.php on line 11
PHP Warning:  Trying to access array offset on value of type null in /var/www/html/creditpluswebapp/views/payments/update.php on line 11

Warning: Trying to access array offset on value of type null in /var/www/html/creditpluswebapp/views/payments/update.php on line 11
PHP Deprecated:  substr(): Passing null to parameter #1 ($string) of type string is deprecated in /var/www/html/creditpluswebapp/views/payments/update.php on line 79

Deprecated: substr(): Passing null to parameter #1 ($string) of type string is deprecated in /var/www/html/creditpluswebapp/views/payments/update.php on line 79
string(1) "0"
PHP Warning:  include_once(./dbaccess.php): Failed to open stream: No such file or directory in /var/www/html/creditpluswebapp/views/payments/sms.php on line 5

Warning: include_once(./dbaccess.php): Failed to open stream: No such file or directory in /var/www/html/creditpluswebapp/views/payments/sms.php on line 5
PHP Warning:  include_once(): Failed opening './dbaccess.php' for inclusion (include_path='.:/usr/share/php') in /var/www/html/creditpluswebapp/views/payments/sms.php on line 5

Warning: include_once(): Failed opening './dbaccess.php' for inclusion (include_path='.:/usr/share/php') in /var/www/html/creditpluswebapp/views/payments/sms.php on line 5
PHP Warning:  Undefined variable $payment in /var/www/html/creditpluswebapp/views/payments/update.php on line 11

Warning: Undefined variable $payment in /var/www/html/creditpluswebapp/views/payments/update.php on line 11
PHP Warning:  Trying to access array offset on value of type null in /var/www/html/creditpluswebapp/views/payments/update.php on line 11

Warning: Trying to access array offset on value of type null in /var/www/html/creditpluswebapp/views/payments/update.php on line 11
PHP Warning:  Trying to access array offset on value of type null in /var/www/html/creditpluswebapp/views/payments/update.php on line 11

Warning: Trying to access array offset on value of type null in /var/www/html/creditpluswebapp/views/payments/update.php on line 11
PHP Deprecated:  substr(): Passing null to parameter #1 ($string) of type string is deprecated in /var/www/html/creditpluswebapp/views/payments/update.php on line 79

Deprecated: substr(): Passing null to parameter #1 ($string) of type string is deprecated in /var/www/html/creditpluswebapp/views/payments/update.php on line 79
string(1) "0"
PHP Warning:  include_once(./dbaccess.php): Failed to open stream: No such file or directory in /var/www/html/creditpluswebapp/views/payments/sms.php on line 5

Warning: include_once(./dbaccess.php): Failed to open stream: No such file or directory in /var/www/html/creditpluswebapp/views/payments/sms.php on line 5
PHP Warning:  include_once(): Failed opening './dbaccess.php' for inclusion (include_path='.:/usr/share/php') in /var/www/html/creditpluswebapp/views/payments/sms.php on line 5

Warning: include_once(): Failed opening './dbaccess.php' for inclusion (include_path='.:/usr/share/php') in /var/www/html/creditpluswebapp/views/payments/sms.php on line 5
